<?xml version="1.0" encoding="UTF-8"?>
<!-- Generated by org.testng.reporters.JUnitXMLReporter -->
<testsuite ignored="0" hostname="DESKTOP-PIJCOC8" failures="0" tests="6" name="Surefire test" time="193.304" errors="0" timestamp="2024-12-24T12:29:43 IST">
  <testcase classname="com.crm.contactTest.ContactTest" name="createContactTest" time="14.37"/>
  <testcase classname="com.crm.contactTest.ContactTest" name="createContactWithOrgTest" time="32.746"/>
  <testcase classname="com.crm.contactTest.ContactTest" name="createContactWithSupportDateTest" time="16.992"/>
  <testcase classname="com.crm.orgTest.OrgTest" name="createOrgTest" time="14.253"/>
  <testcase classname="com.crm.orgTest.OrgTest" name="createOrgWithIndustryTest" time="16.079"/>
  <testcase classname="com.crm.orgTest.OrgTest" name="createOrgWithPhoneNumberTest" time="15.034"/>
</testsuite> <!-- Surefire test -->
