<?xml version="1.0" encoding="UTF-8"?>
<!-- Generated by org.testng.reporters.JUnitXMLReporter -->
<testsuite ignored="2" hostname="DESKTOP-PIJCOC8" failures="0" tests="4" name="Test" time="103.956" errors="0" timestamp="2024-12-24T12:18:13 IST">
  <testcase classname="com.crm.orgTest.OrgTest" name="createOrgTest" time="13.269"/>
  <testcase classname="com.crm.orgTest.OrgTest" name="createOrgWithIndustryTest" time="12.354"/>
  <testcase classname="com.crm.orgTest.OrgTest" name="createOrgWithPhoneNumberTest" time="13.148"/>
  <testcase classname="com.crm.contactTest.ContactTest" name="createContactTest" time="13.679"/>
  <testcase classname="com.crm.contactTest.ContactTest" name="createContactWithSupportDateTest" time="0.0">
    <ignored/>
  </testcase> <!-- createContactWithSupportDateTest -->
  <testcase classname="com.crm.contactTest.ContactTest" name="createContactWithOrgTest" time="0.0">
    <ignored/>
  </testcase> <!-- createContactWithOrgTest -->
</testsuite> <!-- Test -->
